[2026-05-03 15:37:29] [Server] Method: 4
Path: /health/logs.log
Version: HTTP/1.1
Headers:
  Host: 127.0.0.1
No Body

[2026-05-03 15:37:29] [Server] HTTP/1.1 404 Not Found
Date: Sun, 03 May 2026 20:37:29 GMT
Server: Server/1.0
Content-Length: 165
Content-Type: text/html
Connection: close


[2026-05-03 15:37:59] [Server] Method: 4
Path: /health/logs.log
Version: HTTP/1.1
Headers:
  Host: 127.0.0.1
No Body

[2026-05-03 15:37:59] [Server] HTTP/1.1 404 Not Found
Date: Sun, 03 May 2026 20:37:59 GMT
Server: Server/1.0
Content-Length: 165
Content-Type: text/html
Connection: close


[2026-05-03 15:38:29] [Server] Method: 4
Path: /health/logs.log
Version: HTTP/1.1
Headers:
  Host: 127.0.0.1
No Body

[2026-05-03 15:38:29] [Server] HTTP/1.1 404 Not Found
Date: Sun, 03 May 2026 20:38:29 GMT
Server: Server/1.0
Content-Length: 165
Content-Type: text/html
Connection: close


[2026-05-03 15:38:59] [Server] Method: 4
Path: /health/logs.log
Version: HTTP/1.1
Headers:
  Host: 127.0.0.1
No Body

[2026-05-03 15:38:59] [Server] HTTP/1.1 404 Not Found
Date: Sun, 03 May 2026 20:38:59 GMT
Server: Server/1.0
Content-Length: 165
Content-Type: text/html
Connection: close


[2026-05-03 15:39:29] [Server] Method: 4
Path: /health/logs.log
Version: HTTP/1.1
Headers:
  Host: 127.0.0.1
No Body

[2026-05-03 15:39:29] [Server] HTTP/1.1 404 Not Found
Date: Sun, 03 May 2026 20:39:29 GMT
Server: Server/1.0
Content-Length: 165
Content-Type: text/html
Connection: close


[2026-05-03 15:40:18] [Server] Method: 4
Path: /health/health.html
Version: HTTP/1.1
Headers:
  Host: 127.0.0.1
No Body

[2026-05-03 15:40:18] [Server] HTTP/1.1 200 OK
Date: Sun, 03 May 2026 20:40:18 GMT
Server: Server/1.0
Content-Type: text/html
Content-Length: 41
Last-Modified: Sun, 03 May 2026 20:12:31 GMT


[2026-05-03 15:40:48] [Server] Method: 4
Path: /health/health.html
Version: HTTP/1.1
Headers:
  Host: 127.0.0.1
No Body

[2026-05-03 15:40:48] [Server] HTTP/1.1 200 OK
Date: Sun, 03 May 2026 20:40:48 GMT
Server: Server/1.0
Content-Type: text/html
Content-Length: 41
Last-Modified: Sun, 03 May 2026 20:12:31 GMT


[2026-05-03 15:41:18] [Server] Method: 4
Path: /health/health.html
Version: HTTP/1.1
Headers:
  Host: 127.0.0.1
No Body

[2026-05-03 15:41:18] [Server] HTTP/1.1 200 OK
Date: Sun, 03 May 2026 20:41:18 GMT
Server: Server/1.0
Content-Type: text/html
Content-Length: 41
Last-Modified: Sun, 03 May 2026 20:12:31 GMT


[2026-05-03 15:41:36] [Server] Method: 0
Path: /index.html
Version: HTTP/1.1
Headers:
  Host: 127.0.0.1:8081
  User-Agent: Mozilla/5.0 (X11; Linux x86_64; rv:150.0) Gecko/20100101 Firefox/150.0
  Accept: text/html,application/xhtml+xml,application/xml;q=0.9,*/*;q=0.8
  Accept-Language: en-US,en;q=0.9
  Accept-Encoding: gzip, deflate, br, zstd
  Sec-GPC: 1
  Connection: keep-alive
  Cookie: csrftoken=Xvh9hjw7x4oV4S0mrIsErq6Bad9wEe8b; sessionid=a4dskbqhxwq6k9ykgpavwp0ha73rhna8
  Upgrade-Insecure-Requests: 1
  Sec-Fetch-Dest: document
  Sec-Fetch-Mode: navigate
  Sec-Fetch-Site: none
  Priority: u=0, i
No Body

[2026-05-03 15:41:36] [Server] HTTP/1.1 200 OK
Date: Sun, 03 May 2026 20:41:36 GMT
Server: Server/1.0
Content-Type: text/html
Content-Length: 1800
Last-Modified: Sun, 03 May 2026 20:12:31 GMT

[Body: 1800 bytes]

[2026-05-03 15:41:37] [Server] Method: 0
Path: /img/img1.jpg
Version: HTTP/1.1
Headers:
  Host: 127.0.0.1:8081
  User-Agent: Mozilla/5.0 (X11; Linux x86_64; rv:150.0) Gecko/20100101 Firefox/150.0
  Accept: image/avif,image/jxl,image/webp,image/png,image/svg+xml,image/*;q=0.8,*/*;q=0.5
  Accept-Language: en-US,en;q=0.9
  Accept-Encoding: gzip, deflate, br, zstd
  Sec-GPC: 1
  Connection: keep-alive
  Referer: http://127.0.0.1:8081/
  Cookie: csrftoken=Xvh9hjw7x4oV4S0mrIsErq6Bad9wEe8b; sessionid=a4dskbqhxwq6k9ykgpavwp0ha73rhna8
  Sec-Fetch-Dest: image
  Sec-Fetch-Mode: no-cors
  Sec-Fetch-Site: same-origin
  Priority: u=4, i
No Body

[2026-05-03 15:41:37] [Server] HTTP/1.1 404 Not Found
Date: Sun, 03 May 2026 20:41:37 GMT
Server: Server/1.0
Content-Length: 165
Content-Type: text/html
Connection: close

[Body: 165 bytes]

[2026-05-03 15:41:37] [Server] Method: 0
Path: /img/img2.jpg
Version: HTTP/1.1
Headers:
  Host: 127.0.0.1:8081
  User-Agent: Mozilla/5.0 (X11; Linux x86_64; rv:150.0) Gecko/20100101 Firefox/150.0
  Accept: image/avif,image/jxl,image/webp,image/png,image/svg+xml,image/*;q=0.8,*/*;q=0.5
  Accept-Language: en-US,en;q=0.9
  Accept-Encoding: gzip, deflate, br, zstd
  Sec-GPC: 1
  Connection: keep-alive
  Referer: http://127.0.0.1:8081/
  Cookie: csrftoken=Xvh9hjw7x4oV4S0mrIsErq6Bad9wEe8b; sessionid=a4dskbqhxwq6k9ykgpavwp0ha73rhna8
  Sec-Fetch-Dest: image
  Sec-Fetch-Mode: no-cors
  Sec-Fetch-Site: same-origin
  Priority: u=4, i
No Body

[2026-05-03 15:41:37] [Server] HTTP/1.1 404 Not Found
Date: Sun, 03 May 2026 20:41:37 GMT
Server: Server/1.0
Content-Length: 165
Content-Type: text/html
Connection: close

[Body: 165 bytes]

[2026-05-03 15:41:37] [Server] Method: 0
Path: /img/img3.jpg
Version: HTTP/1.1
Headers:
  Host: 127.0.0.1:8081
  User-Agent: Mozilla/5.0 (X11; Linux x86_64; rv:150.0) Gecko/20100101 Firefox/150.0
  Accept: image/avif,image/jxl,image/webp,image/png,image/svg+xml,image/*;q=0.8,*/*;q=0.5
  Accept-Language: en-US,en;q=0.9
  Accept-Encoding: gzip, deflate, br, zstd
  Sec-GPC: 1
  Connection: keep-alive
  Referer: http://127.0.0.1:8081/
  Cookie: csrftoken=Xvh9hjw7x4oV4S0mrIsErq6Bad9wEe8b; sessionid=a4dskbqhxwq6k9ykgpavwp0ha73rhna8
  Sec-Fetch-Dest: image
  Sec-Fetch-Mode: no-cors
  Sec-Fetch-Site: same-origin
  Priority: u=4, i
No Body

[2026-05-03 15:41:37] [Server] HTTP/1.1 404 Not Found
Date: Sun, 03 May 2026 20:41:37 GMT
Server: Server/1.0
Content-Length: 165
Content-Type: text/html
Connection: close

[Body: 165 bytes]

[2026-05-03 15:41:37] [Server] Method: 0
Path: /img/img4.jpg
Version: HTTP/1.1
Headers:
  Host: 127.0.0.1:8081
  User-Agent: Mozilla/5.0 (X11; Linux x86_64; rv:150.0) Gecko/20100101 Firefox/150.0
  Accept: image/avif,image/jxl,image/webp,image/png,image/svg+xml,image/*;q=0.8,*/*;q=0.5
  Accept-Language: en-US,en;q=0.9
  Accept-Encoding: gzip, deflate, br, zstd
  Sec-GPC: 1
  Connection: keep-alive
  Referer: http://127.0.0.1:8081/
  Cookie: csrftoken=Xvh9hjw7x4oV4S0mrIsErq6Bad9wEe8b; sessionid=a4dskbqhxwq6k9ykgpavwp0ha73rhna8
  Sec-Fetch-Dest: image
  Sec-Fetch-Mode: no-cors
  Sec-Fetch-Site: same-origin
  Priority: u=4, i
No Body

[2026-05-03 15:41:37] [Server] HTTP/1.1 404 Not Found
Date: Sun, 03 May 2026 20:41:37 GMT
Server: Server/1.0
Content-Length: 165
Content-Type: text/html
Connection: close

[Body: 165 bytes]

[2026-05-03 15:41:37] [Server] Method: 0
Path: /video/video.mp4
Version: HTTP/1.1
Headers:
  Host: 127.0.0.1:8081
  User-Agent: Mozilla/5.0 (X11; Linux x86_64; rv:150.0) Gecko/20100101 Firefox/150.0
  Accept: video/webm,video/ogg,video/*;q=0.9,application/ogg;q=0.7,audio/*;q=0.6,*/*;q=0.5
  Accept-Language: en-US,en;q=0.9
  Range: bytes=0-
  Sec-GPC: 1
  Connection: keep-alive
  Referer: http://127.0.0.1:8081/
  Cookie: csrftoken=Xvh9hjw7x4oV4S0mrIsErq6Bad9wEe8b; sessionid=a4dskbqhxwq6k9ykgpavwp0ha73rhna8
  Sec-Fetch-Dest: video
  Sec-Fetch-Mode: no-cors
  Sec-Fetch-Site: same-origin
  Accept-Encoding: identity
  Priority: u=4
No Body

[2026-05-03 15:41:39] [Server] HTTP/1.1 200 OK
Date: Sun, 03 May 2026 20:41:37 GMT
Server: Server/1.0
Content-Type: application/octet-stream
Content-Length: 1043876
Last-Modified: Sun, 03 May 2026 20:12:31 GMT

[Body: 1043876 bytes]

[2026-05-03 15:41:39] [Server] Method: 0
Path: /favicon.ico
Version: HTTP/1.1
Headers:
  Host: 127.0.0.1:8081
  User-Agent: Mozilla/5.0 (X11; Linux x86_64; rv:150.0) Gecko/20100101 Firefox/150.0
  Accept: image/avif,image/jxl,image/webp,image/png,image/svg+xml,image/*;q=0.8,*/*;q=0.5
  Accept-Language: en-US,en;q=0.9
  Accept-Encoding: gzip, deflate, br, zstd
  Sec-GPC: 1
  Connection: keep-alive
  Referer: http://127.0.0.1:8081/
  Cookie: csrftoken=Xvh9hjw7x4oV4S0mrIsErq6Bad9wEe8b; sessionid=a4dskbqhxwq6k9ykgpavwp0ha73rhna8
  Sec-Fetch-Dest: image
  Sec-Fetch-Mode: no-cors
  Sec-Fetch-Site: same-origin
  Priority: u=6
No Body

[2026-05-03 15:41:39] [Server] HTTP/1.1 404 Not Found
Date: Sun, 03 May 2026 20:41:39 GMT
Server: Server/1.0
Content-Length: 165
Content-Type: text/html
Connection: close

[Body: 165 bytes]

[2026-05-03 15:41:48] [Server] Method: 4
Path: /health/health.html
Version: HTTP/1.1
Headers:
  Host: 127.0.0.1
No Body

[2026-05-03 15:41:48] [Server] HTTP/1.1 200 OK
Date: Sun, 03 May 2026 20:41:48 GMT
Server: Server/1.0
Content-Type: text/html
Content-Length: 41
Last-Modified: Sun, 03 May 2026 20:12:31 GMT


[2026-05-03 15:42:18] [Server] Method: 4
Path: /health/health.html
Version: HTTP/1.1
Headers:
  Host: 127.0.0.1
No Body

[2026-05-03 15:42:18] [Server] HTTP/1.1 200 OK
Date: Sun, 03 May 2026 20:42:18 GMT
Server: Server/1.0
Content-Type: text/html
Content-Length: 41
Last-Modified: Sun, 03 May 2026 20:12:31 GMT


[2026-05-03 15:51:48] [Server] Method: 4
Path: /health/health.html
Version: HTTP/1.1
Headers:
  Host: 127.0.0.1
No Body

[2026-05-03 15:51:48] [Server] HTTP/1.1 200 OK
Date: Sun, 03 May 2026 20:51:48 GMT
Server: Server/1.0
Content-Type: text/html
Content-Length: 41
Last-Modified: Sun, 03 May 2026 20:12:31 GMT


[2026-05-03 15:51:56] [Server] Method: 0
Path: /index.html
Version: HTTP/1.1
Headers:
  Host: 127.0.0.1:8081
  User-Agent: Mozilla/5.0 (X11; Linux x86_64; rv:150.0) Gecko/20100101 Firefox/150.0
  Accept: text/html,application/xhtml+xml,application/xml;q=0.9,*/*;q=0.8
  Accept-Language: en-US,en;q=0.9
  Accept-Encoding: gzip, deflate, br, zstd
  Sec-GPC: 1
  Connection: keep-alive
  Cookie: csrftoken=Xvh9hjw7x4oV4S0mrIsErq6Bad9wEe8b; sessionid=a4dskbqhxwq6k9ykgpavwp0ha73rhna8
  Upgrade-Insecure-Requests: 1
  Sec-Fetch-Dest: document
  Sec-Fetch-Mode: navigate
  Sec-Fetch-Site: none
  Sec-Fetch-User: ?1
  If-Modified-Since: Sun, 03 May 2026 20:12:31 GMT
  Priority: u=0, i
No Body

[2026-05-03 15:51:56] [Server] HTTP/1.1 200 OK
Date: Sun, 03 May 2026 20:51:56 GMT
Server: Server/1.0
Content-Type: text/html
Content-Length: 1800
Last-Modified: Sun, 03 May 2026 20:51:15 GMT

[Body: 1800 bytes]

[2026-05-03 15:51:56] [Server] Method: 0
Path: /img/cat1.png
Version: HTTP/1.1
Headers:
  Host: 127.0.0.1:8081
  User-Agent: Mozilla/5.0 (X11; Linux x86_64; rv:150.0) Gecko/20100101 Firefox/150.0
  Accept: image/avif,image/jxl,image/webp,image/png,image/svg+xml,image/*;q=0.8,*/*;q=0.5
  Accept-Language: en-US,en;q=0.9
  Accept-Encoding: gzip, deflate, br, zstd
  Sec-GPC: 1
  Connection: keep-alive
  Referer: http://127.0.0.1:8081/
  Cookie: csrftoken=Xvh9hjw7x4oV4S0mrIsErq6Bad9wEe8b; sessionid=a4dskbqhxwq6k9ykgpavwp0ha73rhna8
  Sec-Fetch-Dest: image
  Sec-Fetch-Mode: no-cors
  Sec-Fetch-Site: same-origin
  Priority: u=4, i
No Body

[2026-05-03 15:51:56] [Server] HTTP/1.1 200 OK
Date: Sun, 03 May 2026 20:51:56 GMT
Server: Server/1.0
Content-Type: image/png
Content-Length: 30086
Last-Modified: Sun, 03 May 2026 20:11:15 GMT

[Body: 30086 bytes]

[2026-05-03 15:51:56] [Server] Method: 0
Path: /img/cat2.jpg
Version: HTTP/1.1
Headers:
  Host: 127.0.0.1:8081
  User-Agent: Mozilla/5.0 (X11; Linux x86_64; rv:150.0) Gecko/20100101 Firefox/150.0
  Accept: image/avif,image/jxl,image/webp,image/png,image/svg+xml,image/*;q=0.8,*/*;q=0.5
  Accept-Language: en-US,en;q=0.9
  Accept-Encoding: gzip, deflate, br, zstd
  Sec-GPC: 1
  Connection: keep-alive
  Referer: http://127.0.0.1:8081/
  Cookie: csrftoken=Xvh9hjw7x4oV4S0mrIsErq6Bad9wEe8b; sessionid=a4dskbqhxwq6k9ykgpavwp0ha73rhna8
  Sec-Fetch-Dest: image
  Sec-Fetch-Mode: no-cors
  Sec-Fetch-Site: same-origin
  Priority: u=4, i
No Body

[2026-05-03 15:51:56] [Server] Method: 0
Path: /img/cat4.jpg
Version: HTTP/1.1
Headers:
  Host: 127.0.0.1:8081
  User-Agent: Mozilla/5.0 (X11; Linux x86_64; rv:150.0) Gecko/20100101 Firefox/150.0
  Accept: image/avif,image/jxl,image/webp,image/png,image/svg+xml,image/*;q=0.8,*/*;q=0.5
  Accept-Language: en-US,en;q=0.9
  Accept-Encoding: gzip, deflate, br, zstd
  Sec-GPC: 1
  Connection: keep-alive
  Referer: http://127.0.0.1:8081/
  Cookie: csrftoken=Xvh9hjw7x4oV4S0mrIsErq6Bad9wEe8b; sessionid=a4dskbqhxwq6k9ykgpavwp0ha73rhna8
  Sec-Fetch-Dest: image
  Sec-Fetch-Mode: no-cors
  Sec-Fetch-Site: same-origin
  Priority: u=4, i
No Body

[2026-05-03 15:51:56] [Server] HTTP/1.1 200 OK
Date: Sun, 03 May 2026 20:51:56 GMT
Server: Server/1.0
Content-Type: image/jpeg
Content-Length: 6583
Last-Modified: Sun, 03 May 2026 20:47:44 GMT

[Body: 6583 bytes]

[2026-05-03 15:51:56] [Server] HTTP/1.1 200 OK
Date: Sun, 03 May 2026 20:51:56 GMT
Server: Server/1.0
Content-Type: image/jpeg
Content-Length: 49028
Last-Modified: Sun, 03 May 2026 20:50:23 GMT

[Body: 49028 bytes]

[2026-05-03 15:51:56] [Server] Method: 0
Path: /img/cat3.jpg
Version: HTTP/1.1
Headers:
  Host: 127.0.0.1:8081
  User-Agent: Mozilla/5.0 (X11; Linux x86_64; rv:150.0) Gecko/20100101 Firefox/150.0
  Accept: image/avif,image/jxl,image/webp,image/png,image/svg+xml,image/*;q=0.8,*/*;q=0.5
  Accept-Language: en-US,en;q=0.9
  Accept-Encoding: gzip, deflate, br, zstd
  Sec-GPC: 1
  Connection: keep-alive
  Referer: http://127.0.0.1:8081/
  Cookie: csrftoken=Xvh9hjw7x4oV4S0mrIsErq6Bad9wEe8b; sessionid=a4dskbqhxwq6k9ykgpavwp0ha73rhna8
  Sec-Fetch-Dest: image
  Sec-Fetch-Mode: no-cors
  Sec-Fetch-Site: same-origin
  Priority: u=4, i
No Body

[2026-05-03 15:51:56] [Server] Method: 0
Path: /img/img1.jpg
Version: HTTP/1.1
Headers:
  Host: 127.0.0.1:8081
  User-Agent: Mozilla/5.0 (X11; Linux x86_64; rv:150.0) Gecko/20100101 Firefox/150.0
  Accept: image/avif,image/jxl,image/webp,image/png,image/svg+xml,image/*;q=0.8,*/*;q=0.5
  Accept-Language: en-US,en;q=0.9
  Accept-Encoding: gzip, deflate, br, zstd
  Sec-GPC: 1
  Connection: keep-alive
  Referer: http://127.0.0.1:8081/
  Cookie: csrftoken=Xvh9hjw7x4oV4S0mrIsErq6Bad9wEe8b; sessionid=a4dskbqhxwq6k9ykgpavwp0ha73rhna8
  Sec-Fetch-Dest: image
  Sec-Fetch-Mode: no-cors
  Sec-Fetch-Site: same-origin
  Priority: u=4, i
No Body

[2026-05-03 15:51:56] [Server] Method: 0
Path: /img/img4.jpg
Version: HTTP/1.1
Headers:
  Host: 127.0.0.1:8081
  User-Agent: Mozilla/5.0 (X11; Linux x86_64; rv:150.0) Gecko/20100101 Firefox/150.0
  Accept: image/avif,image/jxl,image/webp,image/png,image/svg+xml,image/*;q=0.8,*/*;q=0.5
  Accept-Language: en-US,en;q=0.9
  Accept-Encoding: gzip, deflate, br, zstd
  Sec-GPC: 1
  Connection: keep-alive
  Referer: http://127.0.0.1:8081/
  Cookie: csrftoken=Xvh9hjw7x4oV4S0mrIsErq6Bad9wEe8b; sessionid=a4dskbqhxwq6k9ykgpavwp0ha73rhna8
  Sec-Fetch-Dest: image
  Sec-Fetch-Mode: no-cors
  Sec-Fetch-Site: same-origin
  Priority: u=4, i
No Body

[2026-05-03 15:51:56] [Server] Method: 0
Path: /img/img2.jpg
Version: HTTP/1.1
Headers:
  Host: 127.0.0.1:8081
  User-Agent: Mozilla/5.0 (X11; Linux x86_64; rv:150.0) Gecko/20100101 Firefox/150.0
  Accept: image/avif,image/jxl,image/webp,image/png,image/svg+xml,image/*;q=0.8,*/*;q=0.5
  Accept-Language: en-US,en;q=0.9
  Accept-Encoding: gzip, deflate, br, zstd
  Sec-GPC: 1
  Connection: keep-alive
  Referer: http://127.0.0.1:8081/
  Cookie: csrftoken=Xvh9hjw7x4oV4S0mrIsErq6Bad9wEe8b; sessionid=a4dskbqhxwq6k9ykgpavwp0ha73rhna8
  Sec-Fetch-Dest: image
  Sec-Fetch-Mode: no-cors
  Sec-Fetch-Site: same-origin
  Priority: u=4, i
No Body

[2026-05-03 15:51:56] [Server] Method: 0
Path: /img/img3.jpg
Version: HTTP/1.1
Headers:
  Host: 127.0.0.1:8081
  User-Agent: Mozilla/5.0 (X11; Linux x86_64; rv:150.0) Gecko/20100101 Firefox/150.0
  Accept: image/avif,image/jxl,image/webp,image/png,image/svg+xml,image/*;q=0.8,*/*;q=0.5
  Accept-Language: en-US,en;q=0.9
  Accept-Encoding: gzip, deflate, br, zstd
  Sec-GPC: 1
  Connection: keep-alive
  Referer: http://127.0.0.1:8081/
  Cookie: csrftoken=Xvh9hjw7x4oV4S0mrIsErq6Bad9wEe8b; sessionid=a4dskbqhxwq6k9ykgpavwp0ha73rhna8
  Sec-Fetch-Dest: image
  Sec-Fetch-Mode: no-cors
  Sec-Fetch-Site: same-origin
  Priority: u=4, i
No Body

[2026-05-03 15:51:56] [Server] HTTP/1.1 200 OK
Date: Sun, 03 May 2026 20:51:56 GMT
Server: Server/1.0
Content-Type: image/jpeg
Content-Length: 12744
Last-Modified: Sun, 03 May 2026 20:49:29 GMT

[Body: 12744 bytes]

[2026-05-03 15:51:56] [Server] HTTP/1.1 404 Not Found
Date: Sun, 03 May 2026 20:51:56 GMT
Server: Server/1.0
Content-Length: 165
Content-Type: text/html
Connection: close

[Body: 165 bytes]

[2026-05-03 15:51:56] [Server] HTTP/1.1 404 Not Found
Date: Sun, 03 May 2026 20:51:56 GMT
Server: Server/1.0
Content-Length: 165
Content-Type: text/html
Connection: close

[Body: 165 bytes]

[2026-05-03 15:51:56] [Server] HTTP/1.1 404 Not Found
Date: Sun, 03 May 2026 20:51:56 GMT
Server: Server/1.0
Content-Length: 165
Content-Type: text/html
Connection: close

[Body: 165 bytes]

[2026-05-03 15:51:56] [Server] HTTP/1.1 404 Not Found
Date: Sun, 03 May 2026 20:51:56 GMT
Server: Server/1.0
Content-Length: 165
Content-Type: text/html
Connection: close

[Body: 165 bytes]

[2026-05-03 15:52:18] [Server] Method: 4
Path: /health/health.html
Version: HTTP/1.1
Headers:
  Host: 127.0.0.1
No Body

[2026-05-03 15:52:18] [Server] HTTP/1.1 200 OK
Date: Sun, 03 May 2026 20:52:18 GMT
Server: Server/1.0
Content-Type: text/html
Content-Length: 41
Last-Modified: Sun, 03 May 2026 20:12:31 GMT


[2026-05-03 15:52:48] [Server] Method: 4
Path: /health/health.html
Version: HTTP/1.1
Headers:
  Host: 127.0.0.1
No Body

[2026-05-03 15:52:48] [Server] HTTP/1.1 200 OK
Date: Sun, 03 May 2026 20:52:48 GMT
Server: Server/1.0
Content-Type: text/html
Content-Length: 41
Last-Modified: Sun, 03 May 2026 20:12:31 GMT


[2026-05-03 15:53:18] [Server] Method: 4
Path: /health/health.html
Version: HTTP/1.1
Headers:
  Host: 127.0.0.1
No Body

[2026-05-03 15:53:18] [Server] HTTP/1.1 200 OK
Date: Sun, 03 May 2026 20:53:18 GMT
Server: Server/1.0
Content-Type: text/html
Content-Length: 41
Last-Modified: Sun, 03 May 2026 20:12:31 GMT


[2026-05-03 15:53:48] [Server] Method: 4
Path: /health/health.html
Version: HTTP/1.1
Headers:
  Host: 127.0.0.1
No Body

[2026-05-03 15:53:48] [Server] HTTP/1.1 200 OK
Date: Sun, 03 May 2026 20:53:48 GMT
Server: Server/1.0
Content-Type: text/html
Content-Length: 41
Last-Modified: Sun, 03 May 2026 20:12:31 GMT


[2026-05-03 15:54:18] [Server] Method: 4
Path: /health/health.html
Version: HTTP/1.1
Headers:
  Host: 127.0.0.1
No Body

[2026-05-03 15:54:18] [Server] HTTP/1.1 200 OK
Date: Sun, 03 May 2026 20:54:18 GMT
Server: Server/1.0
Content-Type: text/html
Content-Length: 41
Last-Modified: Sun, 03 May 2026 20:12:31 GMT


[2026-05-03 15:54:48] [Server] Method: 4
Path: /health/health.html
Version: HTTP/1.1
Headers:
  Host: 127.0.0.1
No Body

[2026-05-03 15:54:48] [Server] HTTP/1.1 200 OK
Date: Sun, 03 May 2026 20:54:48 GMT
Server: Server/1.0
Content-Type: text/html
Content-Length: 41
Last-Modified: Sun, 03 May 2026 20:12:31 GMT


[2026-05-03 15:55:15] [Server] Method: 0
Path: /index.html
Version: HTTP/1.1
Headers:
  Host: 127.0.0.1:8081
  User-Agent: Mozilla/5.0 (X11; Linux x86_64; rv:150.0) Gecko/20100101 Firefox/150.0
  Accept: text/html,application/xhtml+xml,application/xml;q=0.9,*/*;q=0.8
  Accept-Language: en-US,en;q=0.9
  Accept-Encoding: gzip, deflate, br, zstd
  Sec-GPC: 1
  Connection: keep-alive
  Cookie: csrftoken=Xvh9hjw7x4oV4S0mrIsErq6Bad9wEe8b; sessionid=a4dskbqhxwq6k9ykgpavwp0ha73rhna8
  Upgrade-Insecure-Requests: 1
  Sec-Fetch-Dest: document
  Sec-Fetch-Mode: navigate
  Sec-Fetch-Site: none
  Sec-Fetch-User: ?1
  If-Modified-Since: Sun, 03 May 2026 20:51:15 GMT
  Priority: u=0, i
No Body

[2026-05-03 15:55:15] [Server] HTTP/1.1 200 OK
Date: Sun, 03 May 2026 20:55:15 GMT
Server: Server/1.0
Content-Type: text/html
Content-Length: 1834
Last-Modified: Sun, 03 May 2026 20:54:11 GMT

[Body: 1834 bytes]

[2026-05-03 15:55:15] [Server] Method: 0
Path: /img/img1.jpg
Version: HTTP/1.1
Headers:
  Host: 127.0.0.1:8081
  User-Agent: Mozilla/5.0 (X11; Linux x86_64; rv:150.0) Gecko/20100101 Firefox/150.0
  Accept: image/avif,image/jxl,image/webp,image/png,image/svg+xml,image/*;q=0.8,*/*;q=0.5
  Accept-Language: en-US,en;q=0.9
  Accept-Encoding: gzip, deflate, br, zstd
  Sec-GPC: 1
  Connection: keep-alive
  Referer: http://127.0.0.1:8081/
  Cookie: csrftoken=Xvh9hjw7x4oV4S0mrIsErq6Bad9wEe8b; sessionid=a4dskbqhxwq6k9ykgpavwp0ha73rhna8
  Sec-Fetch-Dest: image
  Sec-Fetch-Mode: no-cors
  Sec-Fetch-Site: same-origin
  Priority: u=4, i
No Body

[2026-05-03 15:55:15] [Server] HTTP/1.1 404 Not Found
Date: Sun, 03 May 2026 20:55:15 GMT
Server: Server/1.0
Content-Length: 165
Content-Type: text/html
Connection: close

[Body: 165 bytes]

[2026-05-03 15:55:15] [Server] Method: 0
Path: /img/img3.jpg
Version: HTTP/1.1
Headers:
  Host: 127.0.0.1:8081
  User-Agent: Mozilla/5.0 (X11; Linux x86_64; rv:150.0) Gecko/20100101 Firefox/150.0
  Accept: image/avif,image/jxl,image/webp,image/png,image/svg+xml,image/*;q=0.8,*/*;q=0.5
  Accept-Language: en-US,en;q=0.9
  Accept-Encoding: gzip, deflate, br, zstd
  Sec-GPC: 1
  Connection: keep-alive
  Referer: http://127.0.0.1:8081/
  Cookie: csrftoken=Xvh9hjw7x4oV4S0mrIsErq6Bad9wEe8b; sessionid=a4dskbqhxwq6k9ykgpavwp0ha73rhna8
  Sec-Fetch-Dest: image
  Sec-Fetch-Mode: no-cors
  Sec-Fetch-Site: same-origin
  Priority: u=4, i
No Body

[2026-05-03 15:55:15] [Server] Method: 0
Path: /img/img2.jpg
Version: HTTP/1.1
Headers:
  Host: 127.0.0.1:8081
  User-Agent: Mozilla/5.0 (X11; Linux x86_64; rv:150.0) Gecko/20100101 Firefox/150.0
  Accept: image/avif,image/jxl,image/webp,image/png,image/svg+xml,image/*;q=0.8,*/*;q=0.5
  Accept-Language: en-US,en;q=0.9
  Accept-Encoding: gzip, deflate, br, zstd
  Sec-GPC: 1
  Connection: keep-alive
  Referer: http://127.0.0.1:8081/
  Cookie: csrftoken=Xvh9hjw7x4oV4S0mrIsErq6Bad9wEe8b; sessionid=a4dskbqhxwq6k9ykgpavwp0ha73rhna8
  Sec-Fetch-Dest: image
  Sec-Fetch-Mode: no-cors
  Sec-Fetch-Site: same-origin
  Priority: u=4, i
No Body

[2026-05-03 15:55:15] [Server] HTTP/1.1 404 Not Found
Date: Sun, 03 May 2026 20:55:15 GMT
Server: Server/1.0
Content-Length: 165
Content-Type: text/html
Connection: close

[Body: 165 bytes]

[2026-05-03 15:55:15] [Server] HTTP/1.1 404 Not Found
Date: Sun, 03 May 2026 20:55:15 GMT
Server: Server/1.0
Content-Length: 165
Content-Type: text/html
Connection: close

[Body: 165 bytes]

[2026-05-03 15:55:15] [Server] Method: 0
Path: /img/img4.jpg
Version: HTTP/1.1
Headers:
  Host: 127.0.0.1:8081
  User-Agent: Mozilla/5.0 (X11; Linux x86_64; rv:150.0) Gecko/20100101 Firefox/150.0
  Accept: image/avif,image/jxl,image/webp,image/png,image/svg+xml,image/*;q=0.8,*/*;q=0.5
  Accept-Language: en-US,en;q=0.9
  Accept-Encoding: gzip, deflate, br, zstd
  Sec-GPC: 1
  Connection: keep-alive
  Referer: http://127.0.0.1:8081/
  Cookie: csrftoken=Xvh9hjw7x4oV4S0mrIsErq6Bad9wEe8b; sessionid=a4dskbqhxwq6k9ykgpavwp0ha73rhna8
  Sec-Fetch-Dest: image
  Sec-Fetch-Mode: no-cors
  Sec-Fetch-Site: same-origin
  Priority: u=4, i
No Body

[2026-05-03 15:55:15] [Server] HTTP/1.1 404 Not Found
Date: Sun, 03 May 2026 20:55:15 GMT
Server: Server/1.0
Content-Length: 165
Content-Type: text/html
Connection: close

[Body: 165 bytes]

[2026-05-03 15:55:15] [Server] Method: 0
Path: /img/cat2.jpg
Version: HTTP/1.1
Headers:
  Host: 127.0.0.1:8081
  User-Agent: Mozilla/5.0 (X11; Linux x86_64; rv:150.0) Gecko/20100101 Firefox/150.0
  Accept: image/avif,image/jxl,image/webp,image/png,image/svg+xml,image/*;q=0.8,*/*;q=0.5
  Accept-Language: en-US,en;q=0.9
  Accept-Encoding: gzip, deflate, br, zstd
  Sec-GPC: 1
  Connection: keep-alive
  Referer: http://127.0.0.1:8081/
  Cookie: csrftoken=Xvh9hjw7x4oV4S0mrIsErq6Bad9wEe8b; sessionid=a4dskbqhxwq6k9ykgpavwp0ha73rhna8
  Sec-Fetch-Dest: image
  Sec-Fetch-Mode: no-cors
  Sec-Fetch-Site: same-origin
  If-Modified-Since: Sun, 03 May 2026 20:47:44 GMT
  Priority: u=5
No Body

[2026-05-03 15:55:15] [Server] HTTP/1.1 200 OK
Date: Sun, 03 May 2026 20:55:15 GMT
Server: Server/1.0
Content-Type: image/jpeg
Content-Length: 6583
Last-Modified: Sun, 03 May 2026 20:47:44 GMT

[Body: 6583 bytes]

[2026-05-03 15:55:15] [Server] Method: 0
Path: /video/video.mp4
Version: HTTP/1.1
Headers:
  Host: 127.0.0.1:8081
  User-Agent: Mozilla/5.0 (X11; Linux x86_64; rv:150.0) Gecko/20100101 Firefox/150.0
  Accept: video/webm,video/ogg,video/*;q=0.9,application/ogg;q=0.7,audio/*;q=0.6,*/*;q=0.5
  Accept-Language: en-US,en;q=0.9
  Range: bytes=0-
  Sec-GPC: 1
  Connection: keep-alive
  Referer: http://127.0.0.1:8081/
  Cookie: csrftoken=Xvh9hjw7x4oV4S0mrIsErq6Bad9wEe8b; sessionid=a4dskbqhxwq6k9ykgpavwp0ha73rhna8
  Sec-Fetch-Dest: video
  Sec-Fetch-Mode: no-cors
  Sec-Fetch-Site: same-origin
  Accept-Encoding: identity
  If-Modified-Since: Sun, 03 May 2026 20:12:31 GMT
  Priority: u=4
No Body

[2026-05-03 15:55:15] [Server] Method: 0
Path: /img/cat3.jpg
Version: HTTP/1.1
Headers:
  Host: 127.0.0.1:8081
  User-Agent: Mozilla/5.0 (X11; Linux x86_64; rv:150.0) Gecko/20100101 Firefox/150.0
  Accept: image/avif,image/jxl,image/webp,image/png,image/svg+xml,image/*;q=0.8,*/*;q=0.5
  Accept-Language: en-US,en;q=0.9
  Accept-Encoding: gzip, deflate, br, zstd
  Sec-GPC: 1
  Connection: keep-alive
  Referer: http://127.0.0.1:8081/
  Cookie: csrftoken=Xvh9hjw7x4oV4S0mrIsErq6Bad9wEe8b; sessionid=a4dskbqhxwq6k9ykgpavwp0ha73rhna8
  Sec-Fetch-Dest: image
  Sec-Fetch-Mode: no-cors
  Sec-Fetch-Site: same-origin
  If-Modified-Since: Sun, 03 May 2026 20:49:29 GMT
  Priority: u=5
No Body

[2026-05-03 15:55:15] [Server] HTTP/1.1 200 OK
Date: Sun, 03 May 2026 20:55:15 GMT
Server: Server/1.0
Content-Type: image/jpeg
Content-Length: 12744
Last-Modified: Sun, 03 May 2026 20:49:29 GMT

[Body: 12744 bytes]

[2026-05-03 15:55:15] [Server] Method: 0
Path: /img/cat4.jpg
Version: HTTP/1.1
Headers:
  Host: 127.0.0.1:8081
  User-Agent: Mozilla/5.0 (X11; Linux x86_64; rv:150.0) Gecko/20100101 Firefox/150.0
  Accept: image/avif,image/jxl,image/webp,image/png,image/svg+xml,image/*;q=0.8,*/*;q=0.5
  Accept-Language: en-US,en;q=0.9
  Accept-Encoding: gzip, deflate, br, zstd
  Sec-GPC: 1
  Connection: keep-alive
  Referer: http://127.0.0.1:8081/
  Cookie: csrftoken=Xvh9hjw7x4oV4S0mrIsErq6Bad9wEe8b; sessionid=a4dskbqhxwq6k9ykgpavwp0ha73rhna8
  Sec-Fetch-Dest: image
  Sec-Fetch-Mode: no-cors
  Sec-Fetch-Site: same-origin
  If-Modified-Since: Sun, 03 May 2026 20:50:23 GMT
  Priority: u=5
No Body

[2026-05-03 15:55:15] [Server] HTTP/1.1 200 OK
Date: Sun, 03 May 2026 20:55:15 GMT
Server: Server/1.0
Content-Type: image/jpeg
Content-Length: 49028
Last-Modified: Sun, 03 May 2026 20:50:23 GMT

[Body: 49028 bytes]

[2026-05-03 15:55:17] [Server] HTTP/1.1 200 OK
Date: Sun, 03 May 2026 20:55:15 GMT
Server: Server/1.0
Content-Type: application/octet-stream
Content-Length: 1043876
Last-Modified: Sun, 03 May 2026 20:12:31 GMT

[Body: 1043876 bytes]

[2026-05-03 15:55:18] [Server] Method: 0
Path: /about.html
Version: HTTP/1.1
Headers:
  Host: 127.0.0.1:8081
  User-Agent: Mozilla/5.0 (X11; Linux x86_64; rv:150.0) Gecko/20100101 Firefox/150.0
  Accept: text/html,application/xhtml+xml,application/xml;q=0.9,*/*;q=0.8
  Accept-Language: en-US,en;q=0.9
  Accept-Encoding: gzip, deflate, br, zstd
  Sec-GPC: 1
  Connection: keep-alive
  Referer: http://127.0.0.1:8081/
  Cookie: csrftoken=Xvh9hjw7x4oV4S0mrIsErq6Bad9wEe8b; sessionid=a4dskbqhxwq6k9ykgpavwp0ha73rhna8
  Upgrade-Insecure-Requests: 1
  Sec-Fetch-Dest: document
  Sec-Fetch-Mode: navigate
  Sec-Fetch-Site: same-origin
  Sec-Fetch-User: ?1
  Priority: u=0, i
No Body

[2026-05-03 15:55:18] [Server] HTTP/1.1 200 OK
Date: Sun, 03 May 2026 20:55:18 GMT
Server: Server/1.0
Content-Type: text/html
Content-Length: 142
Last-Modified: Sun, 03 May 2026 20:53:37 GMT

[Body: 142 bytes]

[2026-05-03 15:55:18] [Server] Method: 4
Path: /health/health.html
Version: HTTP/1.1
Headers:
  Host: 127.0.0.1
No Body

[2026-05-03 15:55:18] [Server] HTTP/1.1 200 OK
Date: Sun, 03 May 2026 20:55:18 GMT
Server: Server/1.0
Content-Type: text/html
Content-Length: 41
Last-Modified: Sun, 03 May 2026 20:12:31 GMT


[2026-05-03 15:59:22] [Server] Method: 4
Path: /health/health.html
Version: HTTP/1.1
Headers:
  Host: 127.0.0.1
No Body

[2026-05-03 15:59:22] [Server] HTTP/1.1 200 OK
Date: Sun, 03 May 2026 20:59:22 GMT
Server: Server/1.0
Content-Type: text/html
Content-Length: 41
Last-Modified: Sun, 03 May 2026 20:12:31 GMT


[2026-05-03 15:59:33] [Server] Method: 0
Path: /index.html
Version: HTTP/1.1
Headers:
  Host: 127.0.0.1:8081
  User-Agent: Mozilla/5.0 (X11; Linux x86_64; rv:150.0) Gecko/20100101 Firefox/150.0
  Accept: text/html,application/xhtml+xml,application/xml;q=0.9,*/*;q=0.8
  Accept-Language: en-US,en;q=0.9
  Accept-Encoding: gzip, deflate, br, zstd
  Sec-GPC: 1
  Connection: keep-alive
  Cookie: csrftoken=Xvh9hjw7x4oV4S0mrIsErq6Bad9wEe8b; sessionid=a4dskbqhxwq6k9ykgpavwp0ha73rhna8
  Upgrade-Insecure-Requests: 1
  Sec-Fetch-Dest: document
  Sec-Fetch-Mode: navigate
  Sec-Fetch-Site: none
  Sec-Fetch-User: ?1
  If-Modified-Since: Sun, 03 May 2026 20:54:11 GMT
  Priority: u=0, i
No Body

[2026-05-03 15:59:33] [Server] HTTP/1.1 200 OK
Date: Sun, 03 May 2026 20:59:33 GMT
Server: Server/1.0
Content-Type: text/html
Content-Length: 1834
Last-Modified: Sun, 03 May 2026 20:54:11 GMT

[Body: 1834 bytes]

[2026-05-03 15:59:33] [Server] Method: 0
Path: /img/img1.jpg
Version: HTTP/1.1
Headers:
  Host: 127.0.0.1:8081
  User-Agent: Mozilla/5.0 (X11; Linux x86_64; rv:150.0) Gecko/20100101 Firefox/150.0
  Accept: image/avif,image/jxl,image/webp,image/png,image/svg+xml,image/*;q=0.8,*/*;q=0.5
  Accept-Language: en-US,en;q=0.9
  Accept-Encoding: gzip, deflate, br, zstd
  Sec-GPC: 1
  Connection: keep-alive
  Referer: http://127.0.0.1:8081/
  Cookie: csrftoken=Xvh9hjw7x4oV4S0mrIsErq6Bad9wEe8b; sessionid=a4dskbqhxwq6k9ykgpavwp0ha73rhna8
  Sec-Fetch-Dest: image
  Sec-Fetch-Mode: no-cors
  Sec-Fetch-Site: same-origin
  Priority: u=4, i
No Body

[2026-05-03 15:59:33] [Server] HTTP/1.1 404 Not Found
Date: Sun, 03 May 2026 20:59:33 GMT
Server: Server/1.0
Content-Length: 165
Content-Type: text/html
Connection: close

[Body: 165 bytes]

[2026-05-03 15:59:33] [Server] Method: 0
Path: /img/img2.jpg
Version: HTTP/1.1
Headers:
  Host: 127.0.0.1:8081
  User-Agent: Mozilla/5.0 (X11; Linux x86_64; rv:150.0) Gecko/20100101 Firefox/150.0
  Accept: image/avif,image/jxl,image/webp,image/png,image/svg+xml,image/*;q=0.8,*/*;q=0.5
  Accept-Language: en-US,en;q=0.9
  Accept-Encoding: gzip, deflate, br, zstd
  Sec-GPC: 1
  Connection: keep-alive
  Referer: http://127.0.0.1:8081/
  Cookie: csrftoken=Xvh9hjw7x4oV4S0mrIsErq6Bad9wEe8b; sessionid=a4dskbqhxwq6k9ykgpavwp0ha73rhna8
  Sec-Fetch-Dest: image
  Sec-Fetch-Mode: no-cors
  Sec-Fetch-Site: same-origin
  Priority: u=4, i
No Body

[2026-05-03 15:59:33] [Server] HTTP/1.1 404 Not Found
Date: Sun, 03 May 2026 20:59:33 GMT
Server: Server/1.0
Content-Length: 165
Content-Type: text/html
Connection: close

[Body: 165 bytes]

[2026-05-03 15:59:33] [Server] Method: 0
Path: /img/img3.jpg
Version: HTTP/1.1
Headers:
  Host: 127.0.0.1:8081
  User-Agent: Mozilla/5.0 (X11; Linux x86_64; rv:150.0) Gecko/20100101 Firefox/150.0
  Accept: image/avif,image/jxl,image/webp,image/png,image/svg+xml,image/*;q=0.8,*/*;q=0.5
  Accept-Language: en-US,en;q=0.9
  Accept-Encoding: gzip, deflate, br, zstd
  Sec-GPC: 1
  Connection: keep-alive
  Referer: http://127.0.0.1:8081/
  Cookie: csrftoken=Xvh9hjw7x4oV4S0mrIsErq6Bad9wEe8b; sessionid=a4dskbqhxwq6k9ykgpavwp0ha73rhna8
  Sec-Fetch-Dest: image
  Sec-Fetch-Mode: no-cors
  Sec-Fetch-Site: same-origin
  Priority: u=4, i
No Body

[2026-05-03 15:59:33] [Server] HTTP/1.1 404 Not Found
Date: Sun, 03 May 2026 20:59:33 GMT
Server: Server/1.0
Content-Length: 165
Content-Type: text/html
Connection: close

[Body: 165 bytes]

[2026-05-03 15:59:33] [Server] Method: 0
Path: /img/img4.jpg
Version: HTTP/1.1
Headers:
  Host: 127.0.0.1:8081
  User-Agent: Mozilla/5.0 (X11; Linux x86_64; rv:150.0) Gecko/20100101 Firefox/150.0
  Accept: image/avif,image/jxl,image/webp,image/png,image/svg+xml,image/*;q=0.8,*/*;q=0.5
  Accept-Language: en-US,en;q=0.9
  Accept-Encoding: gzip, deflate, br, zstd
  Sec-GPC: 1
  Connection: keep-alive
  Referer: http://127.0.0.1:8081/
  Cookie: csrftoken=Xvh9hjw7x4oV4S0mrIsErq6Bad9wEe8b; sessionid=a4dskbqhxwq6k9ykgpavwp0ha73rhna8
  Sec-Fetch-Dest: image
  Sec-Fetch-Mode: no-cors
  Sec-Fetch-Site: same-origin
  Priority: u=4, i
No Body

[2026-05-03 15:59:33] [Server] HTTP/1.1 404 Not Found
Date: Sun, 03 May 2026 20:59:33 GMT
Server: Server/1.0
Content-Length: 165
Content-Type: text/html
Connection: close

[Body: 165 bytes]

[2026-05-03 15:59:33] [Server] Method: 0
Path: /img/cat2.jpg
Version: HTTP/1.1
Headers:
  Host: 127.0.0.1:8081
  User-Agent: Mozilla/5.0 (X11; Linux x86_64; rv:150.0) Gecko/20100101 Firefox/150.0
  Accept: image/avif,image/jxl,image/webp,image/png,image/svg+xml,image/*;q=0.8,*/*;q=0.5
  Accept-Language: en-US,en;q=0.9
  Accept-Encoding: gzip, deflate, br, zstd
  Sec-GPC: 1
  Connection: keep-alive
  Referer: http://127.0.0.1:8081/
  Cookie: csrftoken=Xvh9hjw7x4oV4S0mrIsErq6Bad9wEe8b; sessionid=a4dskbqhxwq6k9ykgpavwp0ha73rhna8
  Sec-Fetch-Dest: image
  Sec-Fetch-Mode: no-cors
  Sec-Fetch-Site: same-origin
  If-Modified-Since: Sun, 03 May 2026 20:47:44 GMT
  Priority: u=5
No Body

[2026-05-03 15:59:33] [Server] HTTP/1.1 200 OK
Date: Sun, 03 May 2026 20:59:33 GMT
Server: Server/1.0
Content-Type: image/jpeg
Content-Length: 6583
Last-Modified: Sun, 03 May 2026 20:47:44 GMT

[Body: 6583 bytes]

[2026-05-03 15:59:33] [Server] Method: 0
Path: /img/cat1.png
Version: HTTP/1.1
Headers:
  Host: 127.0.0.1:8081
  User-Agent: Mozilla/5.0 (X11; Linux x86_64; rv:150.0) Gecko/20100101 Firefox/150.0
  Accept: image/avif,image/jxl,image/webp,image/png,image/svg+xml,image/*;q=0.8,*/*;q=0.5
  Accept-Language: en-US,en;q=0.9
  Accept-Encoding: gzip, deflate, br, zstd
  Sec-GPC: 1
  Connection: keep-alive
  Referer: http://127.0.0.1:8081/
  Cookie: csrftoken=Xvh9hjw7x4oV4S0mrIsErq6Bad9wEe8b; sessionid=a4dskbqhxwq6k9ykgpavwp0ha73rhna8
  Sec-Fetch-Dest: image
  Sec-Fetch-Mode: no-cors
  Sec-Fetch-Site: same-origin
  If-Modified-Since: Sun, 03 May 2026 20:11:15 GMT
  Priority: u=5
No Body

[2026-05-03 15:59:33] [Server] HTTP/1.1 200 OK
Date: Sun, 03 May 2026 20:59:33 GMT
Server: Server/1.0
Content-Type: image/png
Content-Length: 30086
Last-Modified: Sun, 03 May 2026 20:11:15 GMT

[Body: 30086 bytes]

[2026-05-03 15:59:33] [Server] Method: 0
Path: /img/cat3.jpg
Version: HTTP/1.1
Headers:
  Host: 127.0.0.1:8081
  User-Agent: Mozilla/5.0 (X11; Linux x86_64; rv:150.0) Gecko/20100101 Firefox/150.0
  Accept: image/avif,image/jxl,image/webp,image/png,image/svg+xml,image/*;q=0.8,*/*;q=0.5
  Accept-Language: en-US,en;q=0.9
  Accept-Encoding: gzip, deflate, br, zstd
  Sec-GPC: 1
  Connection: keep-alive
  Referer: http://127.0.0.1:8081/
  Cookie: csrftoken=Xvh9hjw7x4oV4S0mrIsErq6Bad9wEe8b; sessionid=a4dskbqhxwq6k9ykgpavwp0ha73rhna8
  Sec-Fetch-Dest: image
  Sec-Fetch-Mode: no-cors
  Sec-Fetch-Site: same-origin
  If-Modified-Since: Sun, 03 May 2026 20:49:29 GMT
  Priority: u=5
No Body

[2026-05-03 15:59:33] [Server] Method: 0
Path: /img/cat4.jpg
Version: HTTP/1.1
Headers:
  Host: 127.0.0.1:8081
  User-Agent: Mozilla/5.0 (X11; Linux x86_64; rv:150.0) Gecko/20100101 Firefox/150.0
  Accept: image/avif,image/jxl,image/webp,image/png,image/svg+xml,image/*;q=0.8,*/*;q=0.5
  Accept-Language: en-US,en;q=0.9
  Accept-Encoding: gzip, deflate, br, zstd
  Sec-GPC: 1
  Connection: keep-alive
  Referer: http://127.0.0.1:8081/
  Cookie: csrftoken=Xvh9hjw7x4oV4S0mrIsErq6Bad9wEe8b; sessionid=a4dskbqhxwq6k9ykgpavwp0ha73rhna8
  Sec-Fetch-Dest: image
  Sec-Fetch-Mode: no-cors
  Sec-Fetch-Site: same-origin
  If-Modified-Since: Sun, 03 May 2026 20:50:23 GMT
  Priority: u=5
No Body

[2026-05-03 15:59:33] [Server] HTTP/1.1 200 OK
Date: Sun, 03 May 2026 20:59:33 GMT
Server: Server/1.0
Content-Type: image/jpeg
Content-Length: 12744
Last-Modified: Sun, 03 May 2026 20:49:29 GMT

[Body: 12744 bytes]

[2026-05-03 15:59:33] [Server] HTTP/1.1 200 OK
Date: Sun, 03 May 2026 20:59:33 GMT
Server: Server/1.0
Content-Type: image/jpeg
Content-Length: 49028
Last-Modified: Sun, 03 May 2026 20:50:23 GMT

[Body: 49028 bytes]

[2026-05-03 15:59:36] [Server] Method: 0
Path: /about.html
Version: HTTP/1.1
Headers:
  Host: 127.0.0.1:8081
  User-Agent: Mozilla/5.0 (X11; Linux x86_64; rv:150.0) Gecko/20100101 Firefox/150.0
  Accept: text/html,application/xhtml+xml,application/xml;q=0.9,*/*;q=0.8
  Accept-Language: en-US,en;q=0.9
  Accept-Encoding: gzip, deflate, br, zstd
  Sec-GPC: 1
  Connection: keep-alive
  Referer: http://127.0.0.1:8081/
  Cookie: csrftoken=Xvh9hjw7x4oV4S0mrIsErq6Bad9wEe8b; sessionid=a4dskbqhxwq6k9ykgpavwp0ha73rhna8
  Upgrade-Insecure-Requests: 1
  Sec-Fetch-Dest: document
  Sec-Fetch-Mode: navigate
  Sec-Fetch-Site: same-origin
  Sec-Fetch-User: ?1
  If-Modified-Since: Sun, 03 May 2026 20:53:37 GMT
  Priority: u=0, i
No Body

[2026-05-03 15:59:36] [Server] HTTP/1.1 200 OK
Date: Sun, 03 May 2026 20:59:36 GMT
Server: Server/1.0
Content-Type: text/html
Content-Length: 142
Last-Modified: Sun, 03 May 2026 20:53:37 GMT

[Body: 142 bytes]

[2026-05-03 15:59:52] [Server] Method: 4
Path: /health/health.html
Version: HTTP/1.1
Headers:
  Host: 127.0.0.1
No Body

[2026-05-03 15:59:52] [Server] HTTP/1.1 200 OK
Date: Sun, 03 May 2026 20:59:52 GMT
Server: Server/1.0
Content-Type: text/html
Content-Length: 41
Last-Modified: Sun, 03 May 2026 20:12:31 GMT


